<?xml version="1.0" encoding="UTF-8"?>
<!-- Generated by org.testng.reporters.JUnitReportReporter -->
<testsuite hostname="Ruida-Xu" failures="0" tests="1" name="hust.cs.javacourse.search.index.IndexBuilderTest" time="0.000" errors="0" timestamp="31 5æœˆ 2022 06:54:34 GMT" skipped="0">
  <testcase classname="hust.cs.javacourse.search.index.IndexBuilderTest" name="testBuildIndex" time="0.000"/>
</testsuite> <!-- hust.cs.javacourse.search.index.IndexBuilderTest -->
